#
# An unexpected error has been detected by Java Runtime Environment:
#
#  EXCEPTION_ACCESS_VIOLATION (0xc0000005) at pc=0x2e37e79c, pid=3760, tid=2904
#
# Java VM: Java HotSpot(TM) Client VM (11.2-b01 mixed mode windows-x86)
# Problematic frame:
# C  0x2e37e79c
#
# If you would like to submit a bug report, please visit:
#   http://java.sun.com/webapps/bugreport/crash.jsp
# The crash happened outside the Java Virtual Machine in native code.
# See problematic frame for where to report the bug.
#

---------------  T H R E A D  ---------------

Current thread (0x0567f400):  JavaThread "main" [_thread_in_native, id=2904, stack(0x00440000,0x00c40000)]

siginfo: ExceptionCode=0xc0000005, reading address 0x00000705

Registers:
EAX=0x000006fd, EBX=0x2aef7960, ECX=0x2c1e1ffc, EDX=0x2a3e7580
ESP=0x00c3a7e8, EBP=0x00c3a80c, ESI=0x2c247918, EDI=0x1d0cab88
EIP=0x2e37e79c, EFLAGS=0x00210206

Top of Stack: (sp=0x00c3a7e8)
0x00c3a7e8:   2c24f880 2c247918 2c247918 00000001
0x00c3a7f8:   2c247918 2a3e7580 00c3a8b8 2e47f8ac
0x00c3a808:   00000007 00c3a818 2e3803cb 2c24f878
0x00c3a818:   00c3a830 2e393d99 00000001 2aef7960
0x00c3a828:   2c24f878 00000000 00c3a8c4 2e3a9704
0x00c3a838:   2aef7960 00c3a900 2aef7960 2c24f878
0x00c3a848:   343ca448 343b9598 343b9508 00c3a840
0x00c3a858:   2b018620 00000000 00000000 00000000 

Instructions: (pc=0x2e37e79c)
0x2e37e78c:   8b 8e 1c 01 00 00 85 c9 c6 45 fc 07 74 07 8b 01
0x2e37e79c:   8b 50 08 ff d2 8d 8e cc 00 00 00 c6 45 fc 06 e8 


Stack: [0x00440000,0x00c40000],  sp=0x00c3a7e8,  free space=8169k
Native frames: (J=compiled Java code, j=interpreted, Vv=VM code, C=native code)
C  0x2e37e79c
C  0x2e3803cb
C  0x2e393d99
C  0x2e3a9704
C  0x2e318519
C  0x2e379b99
C  0x2e345739
C  0x2e348a96
C  0x2e2c0eb9
C  0x29ee9856
C  0x29eed762
C  0x6c062cb3

Java frames: (J=compiled Java code, j=interpreted, Vv=VM code)
J  com.mathworks.jmi.NativeMatlab.SendMatlabMessage(Ljava/lang/Object;)Ljava/lang/Object;
J  com.mathworks.jmi.MatlabLooper.sendMatlabMessage(Lcom/mathworks/services/message/MWMessage;)Ljava/lang/Object;
j  com.mathworks.jmi.Matlab.mtFevalConsoleOutput(Ljava/lang/String;[Ljava/lang/Object;I)Ljava/lang/Object;+58
j  com.mathworks.mde.desk.MLDesktop$9.run()V+14
j  com.mathworks.jmi.NativeMatlab.dispatchMTRequests(Z)V+50
v  ~StubRoutines::call_stub

---------------  P R O C E S S  ---------------

Java Threads: ( => current thread )
  0x3fdb1800 JavaThread "Thread-834" [_thread_blocked, id=6068, stack(0x28c10000,0x28c90000)]
  0x3ff19000 JavaThread "Timer-307" [_thread_blocked, id=3172, stack(0x18c30000,0x18cb0000)]
  0x3fc82c00 JavaThread "pool-2-thread-1" [_thread_blocked, id=2024, stack(0x18bb0000,0x18c30000)]
  0x16326400 JavaThread "Thread-195" [_thread_in_native, id=800, stack(0x39d80000,0x3a580000)]
  0x16319800 JavaThread "Prefs Updater" daemon [_thread_blocked, id=3724, stack(0x039f0000,0x03a70000)]
  0x1609e400 JavaThread "Active Reference Queue Daemon" daemon [_thread_blocked, id=2076, stack(0x17dd0000,0x17e50000)]
  0x15e8f400 JavaThread "Timer-9" daemon [_thread_blocked, id=1652, stack(0x17d50000,0x17dd0000)]
  0x1610a400 JavaThread "Timer-8" daemon [_thread_blocked, id=3944, stack(0x17b50000,0x17bd0000)]
  0x15e7c800 JavaThread "Timer-1" [_thread_blocked, id=3344, stack(0x16c10000,0x16c90000)]
  0x15e31800 JavaThread "TimerQueue" daemon [_thread_blocked, id=1752, stack(0x16b10000,0x16b90000)]
  0x1558b800 JavaThread "Timer-0" [_thread_blocked, id=3940, stack(0x15890000,0x15910000)]
  0x15584400 JavaThread "AWT-Windows" daemon [_thread_in_native, id=3260, stack(0x157f0000,0x15870000)]
  0x15508800 JavaThread "Java2D Disposer" daemon [_thread_blocked, id=3964, stack(0x156f0000,0x15770000)]
  0x154f4400 JavaThread "JMI Unnamed Thread" [_thread_in_native, id=3040, stack(0x02e10000,0x03610000)]
  0x0592c400 JavaThread "Low Memory Detector" daemon [_thread_blocked, id=2252, stack(0x14c70000,0x14cf0000)]
  0x05929400 JavaThread "CompilerThread0" daemon [_thread_blocked, id=2852, stack(0x14470000,0x14c70000)]
  0x05924800 JavaThread "Attach Listener" daemon [_thread_blocked, id=816, stack(0x143f0000,0x14470000)]
  0x05914800 JavaThread "Finalizer" daemon [_thread_blocked, id=3200, stack(0x14370000,0x143f0000)]
  0x05910000 JavaThread "Reference Handler" daemon [_thread_blocked, id=4056, stack(0x142f0000,0x14370000)]
=>0x0567f400 JavaThread "main" [_thread_in_native, id=2904, stack(0x00440000,0x00c40000)]

Other Threads:
  0x0590b000 VMThread [stack: 0x13af0000,0x142f0000] [id=2224]
  0x0593fc00 WatcherThread [stack: 0x14cf0000,0x154f0000] [id=2068]

VM state:not at safepoint (normal execution)

VM Mutex/Monitor currently owned by a thread: None

Heap
 def new generation   total 25024K, used 10158K [0x07a10000, 0x09530000, 0x09a10000)
  eden space 22272K,  44% used [0x07a10000, 0x083b3f68, 0x08fd0000)
  from space 2752K,  10% used [0x08fd0000, 0x090178f0, 0x09280000)
  to   space 2752K,   0% used [0x09280000, 0x09280000, 0x09530000)
 tenured generation   total 83196K, used 54745K [0x09a10000, 0x0eb4f000, 0x0fa10000)
   the space 83196K,  65% used [0x09a10000, 0x0cf86788, 0x0cf86800, 0x0eb4f000)
 compacting perm gen  total 39168K, used 38944K [0x0fa10000, 0x12050000, 0x13a10000)
   the space 39168K,  99% used [0x0fa10000, 0x120181c8, 0x12018200, 0x12050000)
No shared spaces configured.

Dynamic libraries:
0x00400000 - 0x00433000 	C:\Program Files\MATLAB\R2009b\bin\win32\matlab.exe
0x7c900000 - 0x7c9b2000 	C:\WINNT\system32\ntdll.dll
0x7c800000 - 0x7c8f5000 	C:\WINNT\system32\kernel32.dll
0x7bae0000 - 0x7bb89000 	C:\Program Files\MATLAB\R2009b\bin\win32\libut.dll
0x76c90000 - 0x76cb8000 	C:\WINNT\system32\imagehlp.dll
0x77c10000 - 0x77c68000 	C:\WINNT\system32\msvcrt.dll
0x76bf0000 - 0x76bfb000 	C:\WINNT\system32\PSAPI.DLL
0x7c1c0000 - 0x7c1df000 	C:\Program Files\MATLAB\R2009b\bin\win32\LIBEXPAT.dll
0x78130000 - 0x781cb000 	C:\WINNT\WinSxS\x86_Microsoft.VC80.CRT_1fc8b3b9a1e18e3b_8.0.50727.4053_x-ww_e6967989\MSVCR80.dll
0x7bf40000 - 0x7c028000 	C:\Program Files\MATLAB\R2009b\bin\win32\icuuc40.dll
0x77dd0000 - 0x77e6b000 	C:\WINNT\system32\ADVAPI32.dll
0x77e70000 - 0x77f02000 	C:\WINNT\system32\RPCRT4.dll
0x77fe0000 - 0x77ff1000 	C:\WINNT\system32\Secur32.dll
0x7b5e0000 - 0x7b5e4000 	C:\Program Files\MATLAB\R2009b\bin\win32\icudt40.dll
0x7b5f0000 - 0x7b5fc000 	C:\Program Files\MATLAB\R2009b\bin\win32\icuio40.dll
0x7b830000 - 0x7b928000 	C:\Program Files\MATLAB\R2009b\bin\win32\icuin40.dll
0x7c420000 - 0x7c4a7000 	C:\WINNT\WinSxS\x86_Microsoft.VC80.CRT_1fc8b3b9a1e18e3b_8.0.50727.4053_x-ww_e6967989\MSVCP80.dll
0x7e410000 - 0x7e4a0000 	C:\WINNT\system32\USER32.dll
0x77f10000 - 0x77f58000 	C:\WINNT\system32\GDI32.dll
0x786f0000 - 0x78728000 	C:\Program Files\MATLAB\R2009b\bin\win32\libmwfl.dll
0x7d390000 - 0x7d39e000 	C:\Program Files\MATLAB\R2009b\bin\win32\boost_date_time-vc80-mt-1_36.dll
0x7d280000 - 0x7d290000 	C:\Program Files\MATLAB\R2009b\bin\win32\boost_signals-vc80-mt-1_36.dll
0x7c710000 - 0x7c717000 	C:\Program Files\MATLAB\R2009b\bin\win32\boost_system-vc80-mt-1_36.dll
0x7b5d0000 - 0x7b5dc000 	C:\Program Files\MATLAB\R2009b\bin\win32\boost_thread-vc80-mt-1_36.dll
0x7bc10000 - 0x7be19000 	C:\Program Files\MATLAB\R2009b\bin\win32\libmwservices.dll
0x7bb90000 - 0x7bc0b000 	C:\Program Files\MATLAB\R2009b\bin\win32\libmx.dll
0x78bc0000 - 0x78bd3000 	C:\Program Files\MATLAB\R2009b\bin\win32\zlib1.dll
0x7be20000 - 0x7bf34000 	C:\Program Files\MATLAB\R2009b\bin\win32\libmwmathutil.dll
0x79cf0000 - 0x79d25000 	C:\Program Files\MATLAB\R2009b\bin\win32\mpath.dll
0x7c2c0000 - 0x7c2f0000 	C:\Program Files\MATLAB\R2009b\bin\win32\mlutil.dll
0x786a0000 - 0x786ce000 	C:\Program Files\MATLAB\R2009b\bin\win32\tbb.dll
0x5d090000 - 0x5d12a000 	C:\WINNT\system32\COMCTL32.dll
0x763b0000 - 0x763f9000 	C:\WINNT\system32\comdlg32.dll
0x77f60000 - 0x77fd6000 	C:\WINNT\system32\SHLWAPI.dll
0x7c9c0000 - 0x7d1d7000 	C:\WINNT\system32\SHELL32.dll
0x5b860000 - 0x5b8b4000 	C:\WINNT\system32\NETAPI32.dll
0x71ab0000 - 0x71ac7000 	C:\WINNT\system32\WS2_32.dll
0x71aa0000 - 0x71aa8000 	C:\WINNT\system32\WS2HELP.dll
0x7d560000 - 0x7d576000 	C:\Program Files\MATLAB\R2009b\bin\win32\boost_filesystem-vc80-mt-1_36.dll
0x7a270000 - 0x7a2d0000 	C:\Program Files\MATLAB\R2009b\bin\win32\mcr.dll
0x7b600000 - 0x7b64f000 	C:\Program Files\MATLAB\R2009b\bin\win32\iqm.dll
0x7a850000 - 0x7ad3b000 	C:\Program Files\MATLAB\R2009b\bin\win32\m_interpreter.dll
0x7b660000 - 0x7b66c000 	C:\Program Files\MATLAB\R2009b\bin\win32\libmex.dll
0x7a140000 - 0x7a1a4000 	C:\Program Files\MATLAB\R2009b\bin\win32\m_dispatcher.dll
0x7d1e0000 - 0x7d23e000 	C:\Program Files\MATLAB\R2009b\bin\win32\xmlcore.dll
0x79600000 - 0x797c2000 	C:\Program Files\MATLAB\R2009b\bin\win32\xerces-c_2_7.dll
0x7d4b0000 - 0x7d54d000 	C:\Program Files\MATLAB\R2009b\bin\win32\boost_regex-vc80-mt-1_36.dll
0x7a050000 - 0x7a0a7000 	C:\Program Files\MATLAB\R2009b\bin\win32\profiler.dll
0x7b6c0000 - 0x7b6de000 	C:\Program Files\MATLAB\R2009b\bin\win32\libmwmathrng.dll
0x78b40000 - 0x78b52000 	C:\Program Files\MATLAB\R2009b\bin\win32\m_pcodeio.dll
0x79cb0000 - 0x79ce7000 	C:\Program Files\MATLAB\R2009b\bin\win32\m_ir.dll
0x7a350000 - 0x7a843000 	C:\Program Files\MATLAB\R2009b\bin\win32\m_parser.dll
0x7b650000 - 0x7b65e000 	C:\Program Files\MATLAB\R2009b\bin\win32\ir_xfmr.dll
0x78730000 - 0x78891000 	C:\Program Files\MATLAB\R2009b\bin\win32\mcos.dll
0x7b6f0000 - 0x7b6fa000 	C:\Program Files\MATLAB\R2009b\bin\win32\mtok.dll
0x78b20000 - 0x78b36000 	C:\Program Files\MATLAB\R2009b\bin\win32\m_pcodegen.dll
0x78a90000 - 0x78aac000 	C:\Program Files\MATLAB\R2009b\bin\win32\bridge.dll
0x7b2c0000 - 0x7b344000 	C:\Program Files\MATLAB\R2009b\bin\win32\udd.dll
0x7c030000 - 0x7c128000 	C:\Program Files\MATLAB\R2009b\bin\win32\libmwgui.dll
0x78c20000 - 0x79034000 	C:\Program Files\MATLAB\R2009b\bin\win32\hg.dll
0x78ab0000 - 0x78ad7000 	C:\Program Files\MATLAB\R2009b\bin\win32\libmat.dll
0x7b930000 - 0x7bad5000 	C:\Program Files\MATLAB\R2009b\bin\win32\libhdf5.dll
0x79c20000 - 0x79c61000 	C:\Program Files\MATLAB\R2009b\bin\win32\jmi.dll
0x79920000 - 0x7994c000 	C:\Program Files\MATLAB\R2009b\bin\win32\libmwhardcopy.dll
0x79c70000 - 0x79ca9000 	C:\Program Files\MATLAB\R2009b\bin\win32\libuij.dll
0x785d0000 - 0x7869f000 	C:\Program Files\MATLAB\R2009b\bin\win32\hgdatatypes.dll
0x785a0000 - 0x785d0000 	C:\Program Files\MATLAB\R2009b\bin\win32\hgutils.dll
0x78ae0000 - 0x78b11000 	C:\Program Files\MATLAB\R2009b\bin\win32\libmwlapack.dll
0x7b680000 - 0x7b68e000 	C:\Program Files\MATLAB\R2009b\bin\win32\libmwbinder.dll
0x7b350000 - 0x7b5c4000 	C:\Program Files\MATLAB\R2009b\bin\win32\uiw.dll
0x7b730000 - 0x7b739000 	C:\Program Files\MATLAB\R2009b\bin\win32\uinone.dll
0x781d0000 - 0x782e0000 	C:\WINNT\WinSxS\x86_Microsoft.VC80.MFC_1fc8b3b9a1e18e3b_8.0.50727.4053_x-ww_b77cec8e\MFC80.DLL
0x73000000 - 0x73026000 	C:\WINNT\system32\WINSPOOL.DRV
0x774e0000 - 0x7761d000 	C:\WINNT\system32\ole32.dll
0x77120000 - 0x771ab000 	C:\WINNT\system32\OLEAUT32.dll
0x7a2d0000 - 0x7a346000 	C:\Program Files\MATLAB\R2009b\bin\win32\udd_mi.dll
0x78b60000 - 0x78b73000 	C:\Program Files\MATLAB\R2009b\bin\win32\mwoles05.DLL
0x7a000000 - 0x7a045000 	C:\Program Files\MATLAB\R2009b\bin\win32\comcli.dll
0x7c630000 - 0x7c64b000 	C:\WINNT\WinSxS\x86_Microsoft.VC80.ATL_1fc8b3b9a1e18e3b_8.0.50727.4053_x-ww_473666fd\ATL80.DLL
0x7b6e0000 - 0x7b6eb000 	C:\Program Files\MATLAB\R2009b\bin\win32\mlautoregister.dll
0x76390000 - 0x763ad000 	C:\WINNT\system32\IMM32.DLL
0x773d0000 - 0x774d3000 	C:\WINNT\WinSxS\x86_Microsoft.Windows.Common-Controls_6595b64144ccf1df_6.0.2600.2982_x-ww_ac3f9c03\comctl32.dll
0x5d360000 - 0x5d36e000 	C:\WINNT\WinSxS\x86_Microsoft.VC80.MFCLOC_1fc8b3b9a1e18e3b_8.0.50727.4053_x-ww_0ccc058c\MFC80ENU.DLL
0x74720000 - 0x7476b000 	C:\WINNT\system32\MSCTF.dll
0x755c0000 - 0x755ee000 	C:\WINNT\system32\msctfime.ime
0x76d60000 - 0x76d79000 	C:\WINNT\system32\iphlpapi.dll
0x74290000 - 0x74294000 	C:\WINNT\system32\icmp.Dll
0x71a50000 - 0x71a8f000 	C:\WINNT\System32\mswsock.dll
0x76f20000 - 0x76f47000 	C:\WINNT\system32\DNSAPI.dll
0x76fb0000 - 0x76fb8000 	C:\WINNT\System32\winrnr.dll
0x76f60000 - 0x76f8c000 	C:\WINNT\system32\WLDAP32.dll
0x76fc0000 - 0x76fc6000 	C:\WINNT\system32\rasadhlp.dll
0x662b0000 - 0x66308000 	C:\WINNT\system32\hnetcfg.dll
0x71a90000 - 0x71a98000 	C:\WINNT\System32\wshtcpip.dll
0x799c0000 - 0x79c16000 	C:\Program Files\MATLAB\R2009b\sys\java\jre\win32\jre\bin\client\jvm.dll
0x76b40000 - 0x76b6d000 	C:\WINNT\system32\WINMM.dll
0x7c1e0000 - 0x7c236000 	C:\Program Files\MATLAB\R2009b\bin\win32\MSVCR71.dll
0x59a60000 - 0x59b01000 	C:\WINNT\system32\DBGHELP.dll
0x77c00000 - 0x77c08000 	C:\WINNT\system32\VERSION.dll
0x7a100000 - 0x7a108000 	C:\Program Files\MATLAB\R2009b\sys\java\jre\win32\jre\bin\hpi.dll
0x7a120000 - 0x7a12c000 	C:\Program Files\MATLAB\R2009b\sys\java\jre\win32\jre\bin\verify.dll
0x78be0000 - 0x78bff000 	C:\Program Files\MATLAB\R2009b\sys\java\jre\win32\jre\bin\java.dll
0x7a130000 - 0x7a13f000 	C:\Program Files\MATLAB\R2009b\sys\java\jre\win32\jre\bin\zip.dll
0x797d0000 - 0x7991a000 	C:\Program Files\MATLAB\R2009b\sys\java\jre\win32\jre\bin\awt.dll
0x78b80000 - 0x78b98000 	C:\Program Files\MATLAB\R2009b\bin\win32\nativejava.dll
0x78ba0000 - 0x78bbf000 	C:\Program Files\MATLAB\R2009b\bin\win32\nativejmi.dll
0x7b720000 - 0x7b726000 	C:\Program Files\MATLAB\R2009b\bin\win32\nativeservices.dll
0x7a1b0000 - 0x7a204000 	C:\Program Files\MATLAB\R2009b\sys\java\jre\win32\jre\bin\fontmanager.dll
0x78c00000 - 0x78c13000 	C:\Program Files\MATLAB\R2009b\sys\java\jre\win32\jre\bin\net.dll
0x7a110000 - 0x7a119000 	C:\Program Files\MATLAB\R2009b\sys\java\jre\win32\jre\bin\nio.dll
0x168d0000 - 0x168f8000 	C:\WINNT\system32\rsaenh.dll
0x769c0000 - 0x76a73000 	C:\WINNT\system32\USERENV.dll
0x78300000 - 0x78308000 	C:\Program Files\MATLAB\R2009b\bin\win32\nativelmgr.dll
0x16920000 - 0x16944000 	C:\Program Files\MATLAB\R2009b\sys\java\jre\win32\jre\bin\jpeg.dll
0x78310000 - 0x784a1000 	C:\Program Files\MATLAB\R2009b\bin\win32\instutil.dll
0x77b40000 - 0x77b62000 	C:\WINNT\system32\appHelp.dll
0x76fd0000 - 0x7704f000 	C:\WINNT\system32\CLBCATQ.DLL
0x77050000 - 0x77115000 	C:\WINNT\system32\COMRes.dll
0x16d40000 - 0x16dc4000 	C:\Program Files\TortoiseSVN\bin\tortoisesvn.dll
0x3d930000 - 0x3da01000 	C:\WINNT\system32\WININET.dll
0x16dd0000 - 0x16dd9000 	C:\WINNT\system32\Normaliz.dll
0x3dfd0000 - 0x3e015000 	C:\WINNT\system32\iertutil.dll
0x6eec0000 - 0x6eee2000 	C:\Program Files\TortoiseSVN\bin\libapr_tsvn.dll
0x6ee60000 - 0x6ee89000 	C:\Program Files\TortoiseSVN\bin\libaprutil_tsvn.dll
0x6ee50000 - 0x6ee5e000 	C:\Program Files\TortoiseSVN\bin\libapriconv_tsvn.dll
0x16e10000 - 0x16e1c000 	C:\Program Files\TortoiseSVN\bin\intl3_svn.dll
0x76780000 - 0x76789000 	C:\WINNT\system32\SHFOLDER.dll
0x6ee40000 - 0x6ee46000 	C:\Program Files\TortoiseSVN\iconv\_tbl_simple.so

VM Arguments:
jvm_args: -Xss512k -XX:PermSize=32m -Xms64m -XX:NewRatio=3 -XX:MaxPermSize=64m -Xmx128m -XX:MaxDirectMemorySize=1200000000 -Dsun.java2d.noddraw=true -Dsun.awt.nopixfmt=true -Xshare:off -Xrs -Djava.library.path=C:\Program Files\MATLAB\R2009b\bin\win32 vfprintf abort 
java_command: <unknown>
Launcher Type: generic

Environment Variables:
JAVA_HOME=C:\Program Files\Java\jdk1.6.0_03
CLASSPATH=CLASSPATH .;C:\Program Files\Java\jdk1.6.0_03;D:\Documents and Settings\MXKana\My Documents\_Reporting\reports_development\5.15\DCDM-4595\download\crjava-runtime_12.2.200\lib
PATH=C:\Program Files\MATLAB\R2009b\sys\java\jre\win32\jre\bin;C:\Program Files\MATLAB\R2009b\sys\webrenderer\windows\corecomponents;C:\Program Files\MATLAB\R2009b\sys\webrenderer\windows;C:\Perl\site\bin;C:\Perl\bin;C:\Program Files\Business Objects\BusinessObjects Enterprise 6\bin\orb\asp\5.1\bin;C:\Program Files\Business Objects\BusinessObjects Enterprise 6\bin\orb\bin;C:\Program Files\Business Objects\BusinessObjects Enterprise 6\bin;C:\Program Files\Java\jdk1.6.0_03\bin;D:\oracle\product\10.2.0\owb\bin;D:\oracle\product\10.2.0\http\bin;D:\oracle\product\10.2.0\http\jlib;D:\oracle\product\10.2.0\etldev\bin;c:\program files\business objects\common\3.5\bin\notes\;c:\program files\business objects\common\3.5\bin\notes\data\;C:\WINNT\system32;C:\WINNT;C:\WINNT\system32\wbem;c:\program files\resource kit;c:\program files\diskeeper corporation\diskeeper\;c:\program files\winzip;c:\temp;c:\program files\idm computer solutions\ultraedit-32;c:\program files\attachmate\reflection\;C:\Program Files\MATLAB\R2009b\runtime\win32;C:\Program Files\MATLAB\R2009b\bin;C:\Program Files\MATLAB\R2007a\bin;C:\Program Files\MATLAB\R2007a\bin\win32;C:\Program Files\cvsnt;C:\Program Files\Kubios HRV\MCR\v78\runtime\win32
USERNAME=MXKana
OS=Windows_NT
PROCESSOR_IDENTIFIER=x86 Family 6 Model 15 Stepping 13, GenuineIntel



---------------  S Y S T E M  ---------------

OS: Windows XP Build 2600 Service Pack 2

CPU:total 2 (2 cores per cpu, 1 threads per core) family 6 model 15 stepping 13, cmov, cx8, fxsr, mmx, sse, sse2, sse3, ssse3

Memory: 4k page, physical 3659532k(1765624k free), swap 4194303k(4194303k free)

vm_info: Java HotSpot(TM) Client VM (11.2-b01) for windows-x86 JRE (1.6.0_12-b04), built on Jan 17 2009 09:57:14 by "java_re" with MS VC++ 7.1

time: Tue Apr 27 12:27:28 2010
elapsed time: 54015 seconds

